<?xml version="1.0" encoding="UTF-8"?>
<!-- Generated by org.testng.reporters.JUnitReportReporter -->
<testsuite hostname="DESKTOP-21G44T2" failures="0" tests="1" name="com.dataprovider.ReadExceltest" time="0.993" errors="0" timestamp="2024-05-18T12:37:40 IST" skipped="0">
  <testcase classname="com.dataprovider.ReadExceltest" name="resdexcelsheet" time="0.993"/>
</testsuite> <!-- com.dataprovider.ReadExceltest -->
